#! /c/Source/iverilog-install/bin/vvp
:ivl_version "12.0 (devel)" "(s20150603-1539-g2693dd32b)";
:ivl_delay_selection "TYPICAL";
:vpi_time_precision - 10;
:vpi_module "D:\iverilog\lib\ivl\system.vpi";
:vpi_module "D:\iverilog\lib\ivl\vhdl_sys.vpi";
:vpi_module "D:\iverilog\lib\ivl\vhdl_textio.vpi";
:vpi_module "D:\iverilog\lib\ivl\v2005_math.vpi";
:vpi_module "D:\iverilog\lib\ivl\va_math.vpi";
S_000001efca806df0 .scope module, "moudule_tb" "moudule_tb" 2 5;
 .timescale -8 -10;
P_000001efca806930 .param/l "DURATION" 1 2 20, +C4<00000000000000000000000001100100>;
v000001efca814280_0 .var "buffer_m", 7 0;
v000001efca814320_0 .var "clk", 0 0;
v000001efca8143c0_0 .var "cs", 0 0;
v000001efca814460_0 .var "f", 0 0;
v000001efca814500_0 .var "m7", 0 0;
v000001efca8145a0_0 .net "miso", 0 0, v000001efca806f80_0;  1 drivers
v000001efca814640_0 .var "mosi", 0 0;
v000001efca8146e0_0 .var "rst", 0 0;
S_000001efca9bde00 .scope module, "slv" "SPI" 2 40, 3 1 0, S_000001efca806df0;
 .timescale -8 -10;
    .port_info 0 /INPUT 1 "cs";
    .port_info 1 /INPUT 1 "sclk";
    .port_info 2 /INPUT 1 "mosi";
    .port_info 3 /OUTPUT 1 "miso";
P_000001efca9bdf90 .param/l "S0" 0 3 2, C4<0000>;
P_000001efca9bdfc8 .param/l "S1" 0 3 3, C4<0001>;
P_000001efca9be000 .param/l "S2" 0 3 4, C4<0010>;
P_000001efca9be038 .param/l "S3" 0 3 5, C4<0011>;
P_000001efca9be070 .param/l "S4" 0 3 6, C4<0100>;
P_000001efca9be0a8 .param/l "S5" 0 3 7, C4<0101>;
P_000001efca9be0e0 .param/l "S6" 0 3 8, C4<0110>;
P_000001efca9be118 .param/l "S7" 0 3 9, C4<0111>;
v000001efca7e2df0_0 .var "buffer_s", 7 0;
v000001efca7e2970_0 .net "cs", 0 0, v000001efca8143c0_0;  1 drivers
v000001efca806f80_0 .var "miso", 0 0;
v000001efca9bbd20_0 .net "mosi", 0 0, v000001efca814640_0;  1 drivers
v000001efca9be160_0 .var "s7", 0 0;
v000001efca8141e0_0 .net "sclk", 0 0, v000001efca814320_0;  1 drivers
E_000001efca806970 .event posedge, v000001efca8141e0_0;
    .scope S_000001efca9bde00;
T_0 ;
    %pushi/vec4 0, 0, 1;
    %store/vec4 v000001efca806f80_0, 0, 1;
    %pushi/vec4 0, 0, 8;
    %store/vec4 v000001efca7e2df0_0, 0, 8;
    %pushi/vec4 0, 0, 1;
    %store/vec4 v000001efca9be160_0, 0, 1;
    %end;
    .thread T_0;
    .scope S_000001efca9bde00;
T_1 ;
    %wait E_000001efca806970;
    %load/vec4 v000001efca7e2970_0;
    %nor/r;
    %flag_set/vec4 8;
    %jmp/0xz  T_1.0, 8;
    %load/vec4 v000001efca7e2df0_0;
    %parti/s 1, 7, 4;
    %assign/vec4 v000001efca9be160_0, 0;
    %load/vec4 v000001efca7e2df0_0;
    %ix/load 4, 1, 0;
    %flag_set/imm 4, 0;
    %shiftl 4;
    %assign/vec4 v000001efca7e2df0_0, 0;
    %load/vec4 v000001efca9bbd20_0;
    %ix/load 4, 0, 0;
    %ix/load 5, 0, 0;
    %flag_set/imm 4, 0;
    %assign/vec4/off/d v000001efca7e2df0_0, 4, 5;
    %load/vec4 v000001efca9be160_0;
    %assign/vec4 v000001efca806f80_0, 0;
T_1.0 ;
    %jmp T_1;
    .thread T_1;
    .scope S_000001efca806df0;
T_2 ;
    %pushi/vec4 0, 0, 1;
    %store/vec4 v000001efca814320_0, 0, 1;
    %pushi/vec4 0, 0, 1;
    %store/vec4 v000001efca8146e0_0, 0, 1;
    %pushi/vec4 1, 0, 1;
    %store/vec4 v000001efca8143c0_0, 0, 1;
    %pushi/vec4 0, 0, 1;
    %store/vec4 v000001efca814640_0, 0, 1;
    %pushi/vec4 255, 0, 8;
    %store/vec4 v000001efca814280_0, 0, 8;
    %pushi/vec4 0, 0, 1;
    %store/vec4 v000001efca814500_0, 0, 1;
    %pushi/vec4 0, 0, 1;
    %store/vec4 v000001efca814460_0, 0, 1;
    %end;
    .thread T_2;
    .scope S_000001efca806df0;
T_3 ;
    %delay 100, 0;
    %load/vec4 v000001efca814320_0;
    %inv;
    %store/vec4 v000001efca814320_0, 0, 1;
    %jmp T_3;
    .thread T_3;
    .scope S_000001efca806df0;
T_4 ;
    %delay 1000, 0;
    %pushi/vec4 1, 0, 1;
    %store/vec4 v000001efca8146e0_0, 0, 1;
    %delay 100, 0;
    %pushi/vec4 0, 0, 1;
    %store/vec4 v000001efca8146e0_0, 0, 1;
    %end;
    .thread T_4;
    .scope S_000001efca806df0;
T_5 ;
    %vpi_call 2 45 "$dumpfile", "tb.vcd" {0 0 0};
    %vpi_call 2 46 "$dumpvars", 32'sb00000000000000000000000000000000, S_000001efca806df0 {0 0 0};
    %delay 10000, 0;
    %vpi_call 2 52 "$display", "Finished!" {0 0 0};
    %vpi_call 2 53 "$finish" {0 0 0};
    %end;
    .thread T_5;
    .scope S_000001efca806df0;
T_6 ;
    %delay 1500, 0;
    %pushi/vec4 1, 0, 1;
    %store/vec4 v000001efca8143c0_0, 0, 1;
    %load/vec4 v000001efca814280_0;
    %parti/s 1, 7, 4;
    %assign/vec4 v000001efca814500_0, 0;
    %load/vec4 v000001efca814280_0;
    %ix/load 4, 1, 0;
    %flag_set/imm 4, 0;
    %shiftl 4;
    %assign/vec4 v000001efca814280_0, 0;
    %load/vec4 v000001efca8145a0_0;
    %ix/load 4, 0, 0;
    %ix/load 5, 0, 0;
    %flag_set/imm 4, 0;
    %assign/vec4/off/d v000001efca814280_0, 4, 5;
    %load/vec4 v000001efca814500_0;
    %assign/vec4 v000001efca814640_0, 0;
    %delay 100, 0;
    %pushi/vec4 0, 0, 1;
    %store/vec4 v000001efca8143c0_0, 0, 1;
    %delay 100, 0;
    %pushi/vec4 1, 0, 1;
    %store/vec4 v000001efca8143c0_0, 0, 1;
    %load/vec4 v000001efca814280_0;
    %parti/s 1, 7, 4;
    %assign/vec4 v000001efca814500_0, 0;
    %load/vec4 v000001efca814280_0;
    %ix/load 4, 1, 0;
    %flag_set/imm 4, 0;
    %shiftl 4;
    %assign/vec4 v000001efca814280_0, 0;
    %load/vec4 v000001efca8145a0_0;
    %ix/load 4, 0, 0;
    %ix/load 5, 0, 0;
    %flag_set/imm 4, 0;
    %assign/vec4/off/d v000001efca814280_0, 4, 5;
    %load/vec4 v000001efca814500_0;
    %assign/vec4 v000001efca814640_0, 0;
    %delay 100, 0;
    %pushi/vec4 0, 0, 1;
    %store/vec4 v000001efca8143c0_0, 0, 1;
    %delay 100, 0;
    %pushi/vec4 1, 0, 1;
    %store/vec4 v000001efca8143c0_0, 0, 1;
    %load/vec4 v000001efca814280_0;
    %parti/s 1, 7, 4;
    %assign/vec4 v000001efca814500_0, 0;
    %load/vec4 v000001efca814280_0;
    %ix/load 4, 1, 0;
    %flag_set/imm 4, 0;
    %shiftl 4;
    %assign/vec4 v000001efca814280_0, 0;
    %load/vec4 v000001efca8145a0_0;
    %ix/load 4, 0, 0;
    %ix/load 5, 0, 0;
    %flag_set/imm 4, 0;
    %assign/vec4/off/d v000001efca814280_0, 4, 5;
    %load/vec4 v000001efca814500_0;
    %assign/vec4 v000001efca814640_0, 0;
    %delay 100, 0;
    %pushi/vec4 0, 0, 1;
    %store/vec4 v000001efca8143c0_0, 0, 1;
    %end;
    .thread T_6;
# The file index is used to find the file name in the following table.
:file_names 4;
    "N/A";
    "<interactive>";
    "moudule_tb.v";
    "./SPI.v";
