#! /c/Source/iverilog-install/bin/vvp
:ivl_version "12.0 (devel)" "(s20150603-1539-g2693dd32b)";
:ivl_delay_selection "TYPICAL";
:vpi_time_precision + 0;
:vpi_module "D:\iverilog\lib\ivl\system.vpi";
:vpi_module "D:\iverilog\lib\ivl\vhdl_sys.vpi";
:vpi_module "D:\iverilog\lib\ivl\vhdl_textio.vpi";
:vpi_module "D:\iverilog\lib\ivl\v2005_math.vpi";
:vpi_module "D:\iverilog\lib\ivl\va_math.vpi";
S_000001e79b2c2620 .scope module, "SPI" "SPI" 2 1;
 .timescale 0 0;
    .port_info 0 /INPUT 1 "cs";
    .port_info 1 /INPUT 1 "sclk";
    .port_info 2 /INPUT 1 "mosi";
    .port_info 3 /OUTPUT 1 "miso";
P_000001e79b2c27b0 .param/l "S0" 0 2 2, C4<0000>;
P_000001e79b2c27e8 .param/l "S1" 0 2 3, C4<0001>;
P_000001e79b2c2820 .param/l "S2" 0 2 4, C4<0010>;
P_000001e79b2c2858 .param/l "S3" 0 2 5, C4<0011>;
P_000001e79b2c2890 .param/l "S4" 0 2 6, C4<0100>;
P_000001e79b2c28c8 .param/l "S5" 0 2 7, C4<0101>;
P_000001e79b2c2900 .param/l "S6" 0 2 8, C4<0110>;
P_000001e79b2c2938 .param/l "S7" 0 2 9, C4<0111>;
v000001e79b2c2d90_0 .var "buffer_s", 7 0;
o000001e79b2f7008 .functor BUFZ 1, C4<z>; HiZ drive
v000001e79b11ba10_0 .net "cs", 0 0, o000001e79b2f7008;  0 drivers
v000001e79b11bab0_0 .var "miso", 0 0;
o000001e79b2f7068 .functor BUFZ 1, C4<z>; HiZ drive
v000001e79b11bb50_0 .net "mosi", 0 0, o000001e79b2f7068;  0 drivers
v000001e79b11bbf0_0 .var "s7", 0 0;
o000001e79b2f70c8 .functor BUFZ 1, C4<z>; HiZ drive
v000001e79b11bc90_0 .net "sclk", 0 0, o000001e79b2f70c8;  0 drivers
E_000001e79b11c800 .event posedge, v000001e79b11bc90_0;
    .scope S_000001e79b2c2620;
T_0 ;
    %pushi/vec4 0, 0, 1;
    %store/vec4 v000001e79b11bab0_0, 0, 1;
    %pushi/vec4 0, 0, 8;
    %store/vec4 v000001e79b2c2d90_0, 0, 8;
    %pushi/vec4 0, 0, 1;
    %store/vec4 v000001e79b11bbf0_0, 0, 1;
    %end;
    .thread T_0;
    .scope S_000001e79b2c2620;
T_1 ;
    %wait E_000001e79b11c800;
    %load/vec4 v000001e79b11ba10_0;
    %nor/r;
    %flag_set/vec4 8;
    %jmp/0xz  T_1.0, 8;
    %load/vec4 v000001e79b2c2d90_0;
    %parti/s 1, 7, 4;
    %assign/vec4 v000001e79b11bbf0_0, 0;
    %load/vec4 v000001e79b2c2d90_0;
    %ix/load 4, 1, 0;
    %flag_set/imm 4, 0;
    %shiftl 4;
    %assign/vec4 v000001e79b2c2d90_0, 0;
    %load/vec4 v000001e79b11bb50_0;
    %ix/load 4, 0, 0;
    %ix/load 5, 0, 0;
    %flag_set/imm 4, 0;
    %assign/vec4/off/d v000001e79b2c2d90_0, 4, 5;
    %load/vec4 v000001e79b11bbf0_0;
    %assign/vec4 v000001e79b11bab0_0, 0;
T_1.0 ;
    %jmp T_1;
    .thread T_1;
# The file index is used to find the file name in the following table.
:file_names 3;
    "N/A";
    "<interactive>";
    "SPI.v";
